<?xml version="1.0" encoding="UTF-8"?>
<testng-results skipped="0" failed="0" total="1" passed="1">
  <reporter-output>
  </reporter-output>
  <suite name="Default suite" duration-ms="45049" started-at="2021-05-28T09:02:20Z" finished-at="2021-05-28T09:03:05Z">
    <groups>
    </groups>
    <test name="Default test" duration-ms="45049" started-at="2021-05-28T09:02:20Z" finished-at="2021-05-28T09:03:05Z">
      <class name="com.banking.testcases.Logintest_001">
        <test-method status="PASS" signature="setup()[pri:0, instance:com.banking.testcases.Logintest_001@3a82f6ef]" name="setup" is-config="true" duration-ms="9359" started-at="2021-05-28T14:32:20Z" finished-at="2021-05-28T14:32:30Z">
          <reporter-output>
          </reporter-output>
        </test-method> <!-- setup -->
        <test-method status="PASS" signature="loginTest()[pri:0, instance:com.banking.testcases.Logintest_001@3a82f6ef]" name="loginTest" duration-ms="34231" started-at="2021-05-28T14:32:30Z" finished-at="2021-05-28T14:33:04Z">
          <reporter-output>
          </reporter-output>
        </test-method> <!-- loginTest -->
        <test-method status="PASS" signature="teardown()[pri:0, instance:com.banking.testcases.Logintest_001@3a82f6ef]" name="teardown" is-config="true" duration-ms="1415" started-at="2021-05-28T14:33:04Z" finished-at="2021-05-28T14:33:05Z">
          <reporter-output>
          </reporter-output>
        </test-method> <!-- teardown -->
      </class> <!-- com.banking.testcases.Logintest_001 -->
    </test> <!-- Default test -->
  </suite> <!-- Default suite -->
</testng-results>
